<?xml version="1.0" encoding="UTF-8"?>
<testng-results ignored="0" total="1" passed="1" failed="0" skipped="0">
  <reporter-output>
  </reporter-output>
  <suite started-at="2024-04-05T15:25:33 NPT" name="Default suite" finished-at="2024-04-05T15:25:44 NPT" duration-ms="10808">
    <groups>
    </groups>
    <test started-at="2024-04-05T15:25:33 NPT" name="Default test" finished-at="2024-04-05T15:25:44 NPT" duration-ms="10808">
      <class name="basepackage.dashboard_admin">
        <test-method is-config="true" signature="baseClass()[pri:0, instance:basepackage.dashboard_admin@437da279]" started-at="2024-04-05T15:25:28 NPT" name="baseClass" finished-at="2024-04-05T15:25:33 NPT" duration-ms="4910" status="PASS">
          <reporter-output>
          </reporter-output>
        </test-method> <!-- baseClass -->
        <test-method is-config="true" signature="login1()[pri:0, instance:basepackage.dashboard_admin@437da279]" started-at="2024-04-05T15:25:33 NPT" name="login1" finished-at="2024-04-05T15:25:34 NPT" duration-ms="528" status="PASS">
          <reporter-output>
          </reporter-output>
        </test-method> <!-- login1 -->
        <test-method signature="createUser()[pri:0, instance:basepackage.dashboard_admin@437da279]" started-at="2024-04-05T15:25:34 NPT" name="createUser" finished-at="2024-04-05T15:25:44 NPT" duration-ms="10255" status="PASS">
          <reporter-output>
          </reporter-output>
        </test-method> <!-- createUser -->
        <test-method is-config="true" signature="teardown()[pri:0, instance:basepackage.dashboard_admin@437da279]" started-at="2024-04-05T15:25:44 NPT" name="teardown" finished-at="2024-04-05T15:25:44 NPT" duration-ms="217" status="PASS">
          <reporter-output>
          </reporter-output>
        </test-method> <!-- teardown -->
      </class> <!-- basepackage.dashboard_admin -->
    </test> <!-- Default test -->
  </suite> <!-- Default suite -->
</testng-results>
